2026-04-01 17:58:11,957 - src.inference.predict - INFO - Processing prescription: temp_uploads\1000153614.jpg
2026-04-01 17:58:11,959 - src.inference.predict - INFO - Step 1: Extracting text from image...
2026-04-01 17:58:16,528 - src.inference.predict - INFO - Step 2: Cleaning text...
2026-04-01 17:58:16,530 - src.inference.predict - INFO - Step 3: Extracting entities with BioBERT...
2026-04-01 17:58:16,530 - src.inference.predict - INFO - Initializing predictor with model: C:\Users\HP\Desktop\Prescription_Reader\models\biobert_prescription
2026-04-01 17:58:16,552 - src.inference.predict - INFO - Loaded 13 labels
2026-04-01 17:58:16,555 - src.inference.predict - INFO - Loading tokenizer...
2026-04-01 17:58:17,333 - src.inference.predict - INFO - Loading model...
2026-04-01 17:58:20,440 - src.inference.predict - INFO - Model loaded successfully on cpu
2026-04-01 17:58:22,894 - src.inference.predict - INFO - Predicted 70 tokens
2026-04-01 17:58:22,896 - src.inference.predict - INFO - Step 4: Structuring entities...
2026-04-01 17:58:22,896 - src.inference.predict - INFO - Step 5: Fetching drug descriptions...
2026-04-01 17:58:40,075 - src.inference.predict - INFO - Successfully processed prescription. Found 7 entity types
2026-04-01 18:00:04,983 - src.inference.predict - INFO - Processing prescription: temp_uploads\1000153614.jpg
2026-04-01 18:00:04,983 - src.inference.predict - INFO - Step 1: Extracting text from image...
2026-04-01 18:00:08,803 - src.inference.predict - INFO - Step 2: Cleaning text...
2026-04-01 18:00:08,804 - src.inference.predict - INFO - Step 3: Extracting entities with BioBERT...
2026-04-01 18:00:09,158 - src.inference.predict - INFO - Predicted 70 tokens
2026-04-01 18:00:09,158 - src.inference.predict - INFO - Step 4: Structuring entities...
2026-04-01 18:00:09,159 - src.inference.predict - INFO - Step 5: Fetching drug descriptions...
2026-04-01 18:00:09,159 - src.inference.predict - INFO - Successfully processed prescription. Found 7 entity types
