2026-04-01 17:20:02,325 - src.inference.predict - INFO - Processing prescription: temp_uploads\1000153614.jpg
2026-04-01 17:20:02,329 - src.inference.predict - INFO - Step 1: Extracting text from image...
2026-04-01 17:20:02,332 - src.ocr.sarvam_ocr - INFO - Processing image with Sarvam Document Intelligence: temp_uploads\1000153614.jpg
2026-04-01 17:20:02,509 - src.ocr.sarvam_ocr - INFO - Creating document intelligence job (language: hi-IN)
2026-04-01 17:20:04,009 - src.ocr.sarvam_ocr - INFO - Job created: 20260401_08f281a6-4b6e-4754-bf81-e266acd6f8c3
2026-04-01 17:20:04,014 - src.ocr.sarvam_ocr - INFO - Uploading file: 1000153614.jpg
2026-04-01 17:20:04,379 - src.ocr.sarvam_ocr - INFO - File uploaded successfully
2026-04-01 17:20:04,379 - src.ocr.sarvam_ocr - INFO - Starting job processing...
2026-04-01 17:20:04,608 - src.ocr.sarvam_ocr - INFO - Waiting for job completion...
2026-04-01 17:20:06,776 - src.ocr.sarvam_ocr - INFO - Job completed in 2.16s with state: Completed
2026-04-01 17:20:06,779 - src.ocr.sarvam_ocr - INFO - Downloading output to: C:\Users\HP\AppData\Local\Temp\tmp02tr3itk\output.zip
2026-04-01 17:20:07,224 - src.ocr.sarvam_ocr - INFO - Reading extracted text from: document.md
2026-04-01 17:20:07,312 - src.ocr.sarvam_ocr - INFO - Successfully extracted 226 characters
2026-04-01 17:20:07,314 - src.inference.predict - INFO - Step 2: Cleaning text...
2026-04-01 17:20:07,317 - src.inference.predict - INFO - Step 3: Extracting entities with BioBERT...
2026-04-01 17:20:07,317 - src.inference.predict - INFO - Initializing predictor with model: C:\Users\HP\Desktop\Prescription_Reader\models\biobert_prescription
2026-04-01 17:20:07,317 - src.inference.predict - INFO - Loaded 13 labels
2026-04-01 17:20:07,325 - src.inference.predict - INFO - Loading tokenizer...
2026-04-01 17:20:07,834 - src.inference.predict - INFO - Loading model...
2026-04-01 17:20:10,326 - src.inference.predict - INFO - Model loaded successfully on cpu
2026-04-01 17:20:14,312 - src.inference.predict - INFO - Predicted 70 tokens
2026-04-01 17:20:14,312 - src.inference.predict - INFO - Step 4: Structuring entities...
2026-04-01 17:20:14,312 - src.inference.predict - INFO - Successfully processed prescription. Found 7 entity types
