2026-04-01 17:58:11,961 - src.ocr.sarvam_ocr - INFO - Processing image with Sarvam Document Intelligence: temp_uploads\1000153614.jpg
2026-04-01 17:58:12,017 - src.ocr.sarvam_ocr - INFO - Creating document intelligence job (language: hi-IN)
2026-04-01 17:58:13,339 - src.ocr.sarvam_ocr - INFO - Job created: 20260401_08d1e5d7-8f9c-4001-89dc-02ca2baed919
2026-04-01 17:58:13,342 - src.ocr.sarvam_ocr - INFO - Uploading file: 1000153614.jpg
2026-04-01 17:58:13,681 - src.ocr.sarvam_ocr - INFO - File uploaded successfully
2026-04-01 17:58:13,682 - src.ocr.sarvam_ocr - INFO - Starting job processing...
2026-04-01 17:58:14,105 - src.ocr.sarvam_ocr - INFO - Waiting for job completion...
2026-04-01 17:58:16,248 - src.ocr.sarvam_ocr - INFO - Job completed in 2.14s with state: Completed
2026-04-01 17:58:16,248 - src.ocr.sarvam_ocr - INFO - Downloading output to: C:\Users\HP\AppData\Local\Temp\tmpa1qfadh1\output.zip
2026-04-01 17:58:16,513 - src.ocr.sarvam_ocr - INFO - Reading extracted text from: document.md
2026-04-01 17:58:16,521 - src.ocr.sarvam_ocr - INFO - Successfully extracted 226 characters
2026-04-01 18:00:04,984 - src.ocr.sarvam_ocr - INFO - Processing image with Sarvam Document Intelligence: temp_uploads\1000153614.jpg
2026-04-01 18:00:05,034 - src.ocr.sarvam_ocr - INFO - Creating document intelligence job (language: hi-IN)
2026-04-01 18:00:05,358 - src.ocr.sarvam_ocr - INFO - Job created: 20260401_3b4dbeb9-453e-4789-b002-29783735d443
2026-04-01 18:00:05,373 - src.ocr.sarvam_ocr - INFO - Uploading file: 1000153614.jpg
2026-04-01 18:00:05,773 - src.ocr.sarvam_ocr - INFO - File uploaded successfully
2026-04-01 18:00:05,773 - src.ocr.sarvam_ocr - INFO - Starting job processing...
2026-04-01 18:00:06,122 - src.ocr.sarvam_ocr - INFO - Waiting for job completion...
2026-04-01 18:00:08,494 - src.ocr.sarvam_ocr - INFO - Job completed in 2.37s with state: Completed
2026-04-01 18:00:08,496 - src.ocr.sarvam_ocr - INFO - Downloading output to: C:\Users\HP\AppData\Local\Temp\tmpugm6lhgq\output.zip
2026-04-01 18:00:08,788 - src.ocr.sarvam_ocr - INFO - Reading extracted text from: document.md
2026-04-01 18:00:08,799 - src.ocr.sarvam_ocr - INFO - Successfully extracted 226 characters
